{"/home/runner/work/node-backoffice/node-backoffice/app/app.js": {"path":"/home/runner/work/node-backoffice/node-backoffice/app/app.js","statementMap":{"0":{"start":{"line":1,"column":16},"end":{"line":1,"column":34}},"1":{"start":{"line":2,"column":13},"end":{"line":2,"column":28}},"2":{"start":{"line":3,"column":19},"end":{"line":3,"column":41}},"3":{"start":{"line":4,"column":20},"end":{"line":4,"column":52}},"4":{"start":{"line":5,"column":0},"end":{"line":5,"column":55}},"5":{"start":{"line":7,"column":12},"end":{"line":7,"column":21}},"6":{"start":{"line":9,"column":0},"end":{"line":13,"column":4}},"7":{"start":{"line":15,"column":0},"end":{"line":15,"column":27}},"8":{"start":{"line":17,"column":0},"end":{"line":17,"column":29}},"9":{"start":{"line":19,"column":0},"end":{"line":19,"column":21}}},"fnMap":{},"branchMap":{},"s":{"0":5,"1":5,"2":5,"3":5,"4":5,"5":5,"6":5,"7":5,"8":5,"9":5},"f":{},"b":{},"_coverageSchema":"1a1c01bbd47fc00a2c39e90264f33305004495a9","hash":"fdfabe110406bc3f01d6d996bf43be22f33f7300"}
,"/home/runner/work/node-backoffice/node-backoffice/app/controllers/admin_controller.js": {"path":"/home/runner/work/node-backoffice/node-backoffice/app/controllers/admin_controller.js","statementMap":{"0":{"start":{"line":1,"column":15},"end":{"line":1,"column":34}},"1":{"start":{"line":2,"column":12},"end":{"line":2,"column":35}},"2":{"start":{"line":3,"column":24},"end":{"line":3,"column":67}},"3":{"start":{"line":4,"column":19},"end":{"line":4,"column":41}},"4":{"start":{"line":6,"column":0},"end":{"line":13,"column":2}},"5":{"start":{"line":7,"column":4},"end":{"line":12,"column":5}},"6":{"start":{"line":8,"column":23},"end":{"line":8,"column":59}},"7":{"start":{"line":9,"column":8},"end":{"line":9,"column":90}},"8":{"start":{"line":9,"column":66},"end":{"line":9,"column":85}},"9":{"start":{"line":11,"column":8},"end":{"line":11,"column":85}},"10":{"start":{"line":15,"column":0},"end":{"line":30,"column":2}},"11":{"start":{"line":16,"column":19},"end":{"line":16,"column":29}},"12":{"start":{"line":18,"column":4},"end":{"line":29,"column":5}},"13":{"start":{"line":19,"column":22},"end":{"line":19,"column":60}},"14":{"start":{"line":20,"column":8},"end":{"line":22,"column":9}},"15":{"start":{"line":21,"column":12},"end":{"line":21,"column":71}},"16":{"start":{"line":23,"column":8},"end":{"line":26,"column":11}},"17":{"start":{"line":28,"column":8},"end":{"line":28,"column":84}},"18":{"start":{"line":32,"column":0},"end":{"line":68,"column":2}},"19":{"start":{"line":33,"column":32},"end":{"line":33,"column":40}},"20":{"start":{"line":35,"column":4},"end":{"line":67,"column":5}},"21":{"start":{"line":36,"column":22},"end":{"line":36,"column":66}},"22":{"start":{"line":37,"column":8},"end":{"line":43,"column":9}},"23":{"start":{"line":38,"column":12},"end":{"line":42,"column":15}},"24":{"start":{"line":46,"column":24},"end":{"line":46,"column":72}},"25":{"start":{"line":47,"column":8},"end":{"line":53,"column":9}},"26":{"start":{"line":48,"column":12},"end":{"line":52,"column":15}},"27":{"start":{"line":55,"column":22},"end":{"line":58,"column":9}},"28":{"start":{"line":60,"column":8},"end":{"line":64,"column":11}},"29":{"start":{"line":66,"column":8},"end":{"line":66,"column":82}},"30":{"start":{"line":70,"column":0},"end":{"line":94,"column":2}},"31":{"start":{"line":71,"column":42},"end":{"line":71,"column":50}},"32":{"start":{"line":73,"column":4},"end":{"line":93,"column":5}},"33":{"start":{"line":74,"column":30},"end":{"line":74,"column":74}},"34":{"start":{"line":75,"column":8},"end":{"line":81,"column":9}},"35":{"start":{"line":76,"column":12},"end":{"line":80,"column":15}},"36":{"start":{"line":84,"column":31},"end":{"line":84,"column":64}},"37":{"start":{"line":85,"column":25},"end":{"line":85,"column":93}},"38":{"start":{"line":87,"column":8},"end":{"line":90,"column":11}},"39":{"start":{"line":92,"column":8},"end":{"line":92,"column":85}}},"fnMap":{"0":{"name":"(anonymous_0)","decl":{"start":{"line":6,"column":23},"end":{"line":6,"column":24}},"loc":{"start":{"line":6,"column":43},"end":{"line":13,"column":1}},"line":6},"1":{"name":"(anonymous_1)","decl":{"start":{"line":9,"column":57},"end":{"line":9,"column":58}},"loc":{"start":{"line":9,"column":66},"end":{"line":9,"column":85}},"line":9},"2":{"name":"(anonymous_2)","decl":{"start":{"line":15,"column":23},"end":{"line":15,"column":24}},"loc":{"start":{"line":15,"column":43},"end":{"line":30,"column":1}},"line":15},"3":{"name":"(anonymous_3)","decl":{"start":{"line":32,"column":16},"end":{"line":32,"column":17}},"loc":{"start":{"line":32,"column":36},"end":{"line":68,"column":1}},"line":32},"4":{"name":"(anonymous_4)","decl":{"start":{"line":70,"column":22},"end":{"line":70,"column":23}},"loc":{"start":{"line":70,"column":42},"end":{"line":94,"column":1}},"line":70}},"branchMap":{"0":{"loc":{"start":{"line":20,"column":8},"end":{"line":22,"column":9}},"type":"if","locations":[{"start":{"line":20,"column":8},"end":{"line":22,"column":9}},{"start":{},"end":{}}],"line":20},"1":{"loc":{"start":{"line":37,"column":8},"end":{"line":43,"column":9}},"type":"if","locations":[{"start":{"line":37,"column":8},"end":{"line":43,"column":9}},{"start":{},"end":{}}],"line":37},"2":{"loc":{"start":{"line":47,"column":8},"end":{"line":53,"column":9}},"type":"if","locations":[{"start":{"line":47,"column":8},"end":{"line":53,"column":9}},{"start":{},"end":{}}],"line":47},"3":{"loc":{"start":{"line":75,"column":8},"end":{"line":81,"column":9}},"type":"if","locations":[{"start":{"line":75,"column":8},"end":{"line":81,"column":9}},{"start":{},"end":{}}],"line":75}},"s":{"0":5,"1":5,"2":5,"3":5,"4":5,"5":4,"6":4,"7":3,"8":2,"9":1,"10":5,"11":4,"12":4,"13":4,"14":3,"15":1,"16":2,"17":1,"18":5,"19":4,"20":4,"21":4,"22":2,"23":0,"24":2,"25":2,"26":1,"27":1,"28":1,"29":2,"30":5,"31":3,"32":3,"33":3,"34":3,"35":1,"36":2,"37":2,"38":1,"39":1},"f":{"0":4,"1":2,"2":4,"3":4,"4":3},"b":{"0":[1,2],"1":[0,2],"2":[1,1],"3":[1,2]},"_coverageSchema":"1a1c01bbd47fc00a2c39e90264f33305004495a9","hash":"640e2d56218d41d77e7c8d8afcba2d5702149f56"}
,"/home/runner/work/node-backoffice/node-backoffice/app/middlewares/verifyToken.js": {"path":"/home/runner/work/node-backoffice/node-backoffice/app/middlewares/verifyToken.js","statementMap":{"0":{"start":{"line":1,"column":12},"end":{"line":1,"column":35}},"1":{"start":{"line":2,"column":19},"end":{"line":2,"column":41}},"2":{"start":{"line":4,"column":20},"end":{"line":20,"column":1}},"3":{"start":{"line":5,"column":23},"end":{"line":5,"column":51}},"4":{"start":{"line":6,"column":18},"end":{"line":6,"column":56}},"5":{"start":{"line":8,"column":4},"end":{"line":10,"column":5}},"6":{"start":{"line":9,"column":8},"end":{"line":9,"column":70}},"7":{"start":{"line":12,"column":4},"end":{"line":19,"column":7}},"8":{"start":{"line":13,"column":8},"end":{"line":15,"column":9}},"9":{"start":{"line":14,"column":12},"end":{"line":14,"column":70}},"10":{"start":{"line":17,"column":8},"end":{"line":17,"column":27}},"11":{"start":{"line":18,"column":8},"end":{"line":18,"column":15}},"12":{"start":{"line":22,"column":0},"end":{"line":22,"column":29}}},"fnMap":{"0":{"name":"(anonymous_0)","decl":{"start":{"line":4,"column":20},"end":{"line":4,"column":21}},"loc":{"start":{"line":4,"column":40},"end":{"line":20,"column":1}},"line":4},"1":{"name":"(anonymous_1)","decl":{"start":{"line":12,"column":34},"end":{"line":12,"column":35}},"loc":{"start":{"line":12,"column":52},"end":{"line":19,"column":5}},"line":12}},"branchMap":{"0":{"loc":{"start":{"line":6,"column":18},"end":{"line":6,"column":56}},"type":"binary-expr","locations":[{"start":{"line":6,"column":18},"end":{"line":6,"column":28}},{"start":{"line":6,"column":32},"end":{"line":6,"column":56}}],"line":6},"1":{"loc":{"start":{"line":8,"column":4},"end":{"line":10,"column":5}},"type":"if","locations":[{"start":{"line":8,"column":4},"end":{"line":10,"column":5}},{"start":{},"end":{}}],"line":8},"2":{"loc":{"start":{"line":13,"column":8},"end":{"line":15,"column":9}},"type":"if","locations":[{"start":{"line":13,"column":8},"end":{"line":15,"column":9}},{"start":{},"end":{}}],"line":13}},"s":{"0":2,"1":2,"2":2,"3":3,"4":3,"5":3,"6":3,"7":0,"8":0,"9":0,"10":0,"11":0,"12":2},"f":{"0":3,"1":0},"b":{"0":[3,0],"1":[3,0],"2":[0,0]},"_coverageSchema":"1a1c01bbd47fc00a2c39e90264f33305004495a9","hash":"9c2aba9e73e25d92aa80067c626751c8c6f0cf17"}
,"/home/runner/work/node-backoffice/node-backoffice/app/models/admin.js": {"path":"/home/runner/work/node-backoffice/node-backoffice/app/models/admin.js","statementMap":{"0":{"start":{"line":3,"column":8},"end":{"line":3,"column":21}},"1":{"start":{"line":4,"column":8},"end":{"line":4,"column":27}},"2":{"start":{"line":5,"column":8},"end":{"line":5,"column":33}},"3":{"start":{"line":6,"column":8},"end":{"line":6,"column":33}},"4":{"start":{"line":10,"column":8},"end":{"line":14,"column":10}},"5":{"start":{"line":18,"column":0},"end":{"line":18,"column":23}}},"fnMap":{"0":{"name":"(anonymous_0)","decl":{"start":{"line":2,"column":4},"end":{"line":2,"column":5}},"loc":{"start":{"line":2,"column":60},"end":{"line":7,"column":5}},"line":2},"1":{"name":"(anonymous_1)","decl":{"start":{"line":9,"column":4},"end":{"line":9,"column":5}},"loc":{"start":{"line":9,"column":18},"end":{"line":15,"column":5}},"line":9}},"branchMap":{"0":{"loc":{"start":{"line":2,"column":19},"end":{"line":2,"column":28}},"type":"default-arg","locations":[{"start":{"line":2,"column":24},"end":{"line":2,"column":28}}],"line":2}},"s":{"0":6,"1":6,"2":6,"3":6,"4":8,"5":3},"f":{"0":6,"1":8},"b":{"0":[0]},"_coverageSchema":"1a1c01bbd47fc00a2c39e90264f33305004495a9","hash":"75f23f78641abe05ba0a1e779bed8d16f3219206"}
,"/home/runner/work/node-backoffice/node-backoffice/app/routes/admin_routes.js": {"path":"/home/runner/work/node-backoffice/node-backoffice/app/routes/admin_routes.js","statementMap":{"0":{"start":{"line":1,"column":16},"end":{"line":1,"column":34}},"1":{"start":{"line":2,"column":15},"end":{"line":2,"column":31}},"2":{"start":{"line":3,"column":24},"end":{"line":3,"column":66}},"3":{"start":{"line":4,"column":20},"end":{"line":4,"column":57}},"4":{"start":{"line":6,"column":0},"end":{"line":8,"column":3}},"5":{"start":{"line":7,"column":4},"end":{"line":7,"column":48}},"6":{"start":{"line":9,"column":0},"end":{"line":9,"column":65}},"7":{"start":{"line":10,"column":0},"end":{"line":10,"column":69}},"8":{"start":{"line":11,"column":0},"end":{"line":11,"column":45}},"9":{"start":{"line":12,"column":0},"end":{"line":12,"column":71}},"10":{"start":{"line":14,"column":0},"end":{"line":14,"column":24}}},"fnMap":{"0":{"name":"(anonymous_0)","decl":{"start":{"line":6,"column":22},"end":{"line":6,"column":23}},"loc":{"start":{"line":6,"column":34},"end":{"line":8,"column":1}},"line":6}},"branchMap":{},"s":{"0":5,"1":5,"2":5,"3":5,"4":5,"5":0,"6":5,"7":5,"8":5,"9":5,"10":5},"f":{"0":0},"b":{},"_coverageSchema":"1a1c01bbd47fc00a2c39e90264f33305004495a9","hash":"406ce3e69c09ed2c0048f1b850938ab4f2b02857"}
}
