{"/home/runner/work/node-backoffice/node-backoffice/swagger.js": {"path":"/home/runner/work/node-backoffice/node-backoffice/swagger.js","statementMap":{"0":{"start":{"line":1,"column":21},"end":{"line":1,"column":45}},"1":{"start":{"line":2,"column":18},"end":{"line":2,"column":47}},"2":{"start":{"line":3,"column":13},"end":{"line":3,"column":29}},"3":{"start":{"line":5,"column":26},"end":{"line":17,"column":1}},"4":{"start":{"line":19,"column":16},"end":{"line":22,"column":1}},"5":{"start":{"line":24,"column":20},"end":{"line":24,"column":41}},"6":{"start":{"line":26,"column":0},"end":{"line":29,"column":2}}},"fnMap":{},"branchMap":{},"s":{"0":10,"1":10,"2":10,"3":10,"4":10,"5":10,"6":10},"f":{},"b":{},"_coverageSchema":"1a1c01bbd47fc00a2c39e90264f33305004495a9","hash":"9a1bb2ab9a5e1d86e79cb2e42750f815e3f0ec10"}
,"/home/runner/work/node-backoffice/node-backoffice/app/app.js": {"path":"/home/runner/work/node-backoffice/node-backoffice/app/app.js","statementMap":{"0":{"start":{"line":1,"column":16},"end":{"line":1,"column":34}},"1":{"start":{"line":2,"column":13},"end":{"line":2,"column":28}},"2":{"start":{"line":3,"column":19},"end":{"line":3,"column":41}},"3":{"start":{"line":4,"column":20},"end":{"line":4,"column":52}},"4":{"start":{"line":5,"column":19},"end":{"line":5,"column":50}},"5":{"start":{"line":6,"column":18},"end":{"line":6,"column":48}},"6":{"start":{"line":8,"column":0},"end":{"line":8,"column":55}},"7":{"start":{"line":9,"column":35},"end":{"line":9,"column":56}},"8":{"start":{"line":11,"column":12},"end":{"line":11,"column":21}},"9":{"start":{"line":13,"column":0},"end":{"line":17,"column":4}},"10":{"start":{"line":19,"column":0},"end":{"line":19,"column":27}},"11":{"start":{"line":21,"column":0},"end":{"line":21,"column":29}},"12":{"start":{"line":22,"column":0},"end":{"line":22,"column":28}},"13":{"start":{"line":23,"column":0},"end":{"line":23,"column":27}},"14":{"start":{"line":25,"column":0},"end":{"line":25,"column":68}},"15":{"start":{"line":27,"column":0},"end":{"line":27,"column":21}}},"fnMap":{},"branchMap":{},"s":{"0":10,"1":10,"2":10,"3":10,"4":10,"5":10,"6":10,"7":10,"8":10,"9":10,"10":10,"11":10,"12":10,"13":10,"14":10,"15":10},"f":{},"b":{},"_coverageSchema":"1a1c01bbd47fc00a2c39e90264f33305004495a9","hash":"511fa15e937e96cd5d64c95336509cc15cc58893"}
,"/home/runner/work/node-backoffice/node-backoffice/app/controllers/admin_controller.js": {"path":"/home/runner/work/node-backoffice/node-backoffice/app/controllers/admin_controller.js","statementMap":{"0":{"start":{"line":1,"column":15},"end":{"line":1,"column":34}},"1":{"start":{"line":2,"column":12},"end":{"line":2,"column":35}},"2":{"start":{"line":3,"column":24},"end":{"line":3,"column":67}},"3":{"start":{"line":4,"column":19},"end":{"line":4,"column":41}},"4":{"start":{"line":6,"column":0},"end":{"line":13,"column":2}},"5":{"start":{"line":7,"column":4},"end":{"line":12,"column":5}},"6":{"start":{"line":8,"column":23},"end":{"line":8,"column":59}},"7":{"start":{"line":9,"column":8},"end":{"line":9,"column":90}},"8":{"start":{"line":9,"column":66},"end":{"line":9,"column":85}},"9":{"start":{"line":11,"column":8},"end":{"line":11,"column":85}},"10":{"start":{"line":15,"column":0},"end":{"line":30,"column":2}},"11":{"start":{"line":16,"column":19},"end":{"line":16,"column":29}},"12":{"start":{"line":18,"column":4},"end":{"line":29,"column":5}},"13":{"start":{"line":19,"column":22},"end":{"line":19,"column":60}},"14":{"start":{"line":20,"column":8},"end":{"line":22,"column":9}},"15":{"start":{"line":21,"column":12},"end":{"line":21,"column":71}},"16":{"start":{"line":23,"column":8},"end":{"line":26,"column":11}},"17":{"start":{"line":28,"column":8},"end":{"line":28,"column":84}},"18":{"start":{"line":32,"column":0},"end":{"line":68,"column":2}},"19":{"start":{"line":33,"column":32},"end":{"line":33,"column":40}},"20":{"start":{"line":35,"column":4},"end":{"line":67,"column":5}},"21":{"start":{"line":36,"column":22},"end":{"line":36,"column":66}},"22":{"start":{"line":37,"column":8},"end":{"line":43,"column":9}},"23":{"start":{"line":38,"column":12},"end":{"line":42,"column":15}},"24":{"start":{"line":46,"column":24},"end":{"line":46,"column":72}},"25":{"start":{"line":47,"column":8},"end":{"line":53,"column":9}},"26":{"start":{"line":48,"column":12},"end":{"line":52,"column":15}},"27":{"start":{"line":55,"column":22},"end":{"line":58,"column":9}},"28":{"start":{"line":60,"column":8},"end":{"line":64,"column":11}},"29":{"start":{"line":66,"column":8},"end":{"line":66,"column":82}},"30":{"start":{"line":70,"column":0},"end":{"line":94,"column":2}},"31":{"start":{"line":71,"column":42},"end":{"line":71,"column":50}},"32":{"start":{"line":73,"column":4},"end":{"line":93,"column":5}},"33":{"start":{"line":74,"column":30},"end":{"line":74,"column":74}},"34":{"start":{"line":75,"column":8},"end":{"line":81,"column":9}},"35":{"start":{"line":76,"column":12},"end":{"line":80,"column":15}},"36":{"start":{"line":84,"column":31},"end":{"line":84,"column":64}},"37":{"start":{"line":85,"column":25},"end":{"line":85,"column":93}},"38":{"start":{"line":87,"column":8},"end":{"line":90,"column":11}},"39":{"start":{"line":92,"column":8},"end":{"line":92,"column":85}}},"fnMap":{"0":{"name":"(anonymous_0)","decl":{"start":{"line":6,"column":23},"end":{"line":6,"column":24}},"loc":{"start":{"line":6,"column":43},"end":{"line":13,"column":1}},"line":6},"1":{"name":"(anonymous_1)","decl":{"start":{"line":9,"column":57},"end":{"line":9,"column":58}},"loc":{"start":{"line":9,"column":66},"end":{"line":9,"column":85}},"line":9},"2":{"name":"(anonymous_2)","decl":{"start":{"line":15,"column":23},"end":{"line":15,"column":24}},"loc":{"start":{"line":15,"column":43},"end":{"line":30,"column":1}},"line":15},"3":{"name":"(anonymous_3)","decl":{"start":{"line":32,"column":16},"end":{"line":32,"column":17}},"loc":{"start":{"line":32,"column":36},"end":{"line":68,"column":1}},"line":32},"4":{"name":"(anonymous_4)","decl":{"start":{"line":70,"column":22},"end":{"line":70,"column":23}},"loc":{"start":{"line":70,"column":42},"end":{"line":94,"column":1}},"line":70}},"branchMap":{"0":{"loc":{"start":{"line":20,"column":8},"end":{"line":22,"column":9}},"type":"if","locations":[{"start":{"line":20,"column":8},"end":{"line":22,"column":9}},{"start":{},"end":{}}],"line":20},"1":{"loc":{"start":{"line":37,"column":8},"end":{"line":43,"column":9}},"type":"if","locations":[{"start":{"line":37,"column":8},"end":{"line":43,"column":9}},{"start":{},"end":{}}],"line":37},"2":{"loc":{"start":{"line":47,"column":8},"end":{"line":53,"column":9}},"type":"if","locations":[{"start":{"line":47,"column":8},"end":{"line":53,"column":9}},{"start":{},"end":{}}],"line":47},"3":{"loc":{"start":{"line":75,"column":8},"end":{"line":81,"column":9}},"type":"if","locations":[{"start":{"line":75,"column":8},"end":{"line":81,"column":9}},{"start":{},"end":{}}],"line":75}},"s":{"0":10,"1":10,"2":10,"3":10,"4":10,"5":4,"6":4,"7":3,"8":2,"9":1,"10":10,"11":4,"12":4,"13":4,"14":3,"15":1,"16":2,"17":1,"18":10,"19":4,"20":4,"21":4,"22":2,"23":0,"24":2,"25":2,"26":1,"27":1,"28":1,"29":2,"30":10,"31":3,"32":3,"33":3,"34":3,"35":1,"36":2,"37":2,"38":1,"39":1},"f":{"0":4,"1":2,"2":4,"3":4,"4":3},"b":{"0":[1,2],"1":[0,2],"2":[1,1],"3":[1,2]},"_coverageSchema":"1a1c01bbd47fc00a2c39e90264f33305004495a9","hash":"640e2d56218d41d77e7c8d8afcba2d5702149f56"}
,"/home/runner/work/node-backoffice/node-backoffice/app/controllers/log_controller.js": {"path":"/home/runner/work/node-backoffice/node-backoffice/app/controllers/log_controller.js","statementMap":{"0":{"start":{"line":1,"column":22},"end":{"line":1,"column":63}},"1":{"start":{"line":3,"column":0},"end":{"line":10,"column":2}},"2":{"start":{"line":4,"column":4},"end":{"line":9,"column":5}},"3":{"start":{"line":5,"column":21},"end":{"line":5,"column":55}},"4":{"start":{"line":6,"column":8},"end":{"line":6,"column":46}},"5":{"start":{"line":8,"column":8},"end":{"line":8,"column":83}},"6":{"start":{"line":12,"column":0},"end":{"line":24,"column":2}},"7":{"start":{"line":13,"column":46},"end":{"line":13,"column":54}},"8":{"start":{"line":15,"column":4},"end":{"line":23,"column":5}},"9":{"start":{"line":16,"column":23},"end":{"line":16,"column":85}},"10":{"start":{"line":17,"column":8},"end":{"line":20,"column":11}},"11":{"start":{"line":22,"column":8},"end":{"line":22,"column":83}}},"fnMap":{"0":{"name":"(anonymous_0)","decl":{"start":{"line":3,"column":23},"end":{"line":3,"column":24}},"loc":{"start":{"line":3,"column":43},"end":{"line":10,"column":1}},"line":3},"1":{"name":"(anonymous_1)","decl":{"start":{"line":12,"column":20},"end":{"line":12,"column":21}},"loc":{"start":{"line":12,"column":40},"end":{"line":24,"column":1}},"line":12}},"branchMap":{},"s":{"0":10,"1":10,"2":4,"3":4,"4":3,"5":1,"6":10,"7":2,"8":2,"9":2,"10":1,"11":1},"f":{"0":4,"1":2},"b":{},"_coverageSchema":"1a1c01bbd47fc00a2c39e90264f33305004495a9","hash":"e2fd40075c2d062ae0dfcb4c4f76d0fd6d2b71af"}
,"/home/runner/work/node-backoffice/node-backoffice/app/controllers/user_controller.js": {"path":"/home/runner/work/node-backoffice/node-backoffice/app/controllers/user_controller.js","statementMap":{"0":{"start":{"line":1,"column":23},"end":{"line":1,"column":65}},"1":{"start":{"line":2,"column":13},"end":{"line":2,"column":38}},"2":{"start":{"line":4,"column":0},"end":{"line":11,"column":2}},"3":{"start":{"line":5,"column":4},"end":{"line":10,"column":5}},"4":{"start":{"line":6,"column":22},"end":{"line":6,"column":56}},"5":{"start":{"line":7,"column":8},"end":{"line":7,"column":82}},"6":{"start":{"line":7,"column":63},"end":{"line":7,"column":77}},"7":{"start":{"line":9,"column":8},"end":{"line":9,"column":84}},"8":{"start":{"line":13,"column":0},"end":{"line":28,"column":2}},"9":{"start":{"line":14,"column":19},"end":{"line":14,"column":29}},"10":{"start":{"line":16,"column":4},"end":{"line":27,"column":5}},"11":{"start":{"line":17,"column":21},"end":{"line":17,"column":57}},"12":{"start":{"line":18,"column":8},"end":{"line":20,"column":9}},"13":{"start":{"line":19,"column":12},"end":{"line":19,"column":70}},"14":{"start":{"line":21,"column":8},"end":{"line":24,"column":11}},"15":{"start":{"line":26,"column":8},"end":{"line":26,"column":83}},"16":{"start":{"line":30,"column":0},"end":{"line":44,"column":2}},"17":{"start":{"line":31,"column":19},"end":{"line":31,"column":29}},"18":{"start":{"line":32,"column":20},"end":{"line":32,"column":28}},"19":{"start":{"line":34,"column":4},"end":{"line":43,"column":5}},"20":{"start":{"line":35,"column":28},"end":{"line":35,"column":73}},"21":{"start":{"line":37,"column":8},"end":{"line":40,"column":11}},"22":{"start":{"line":42,"column":8},"end":{"line":42,"column":84}}},"fnMap":{"0":{"name":"(anonymous_0)","decl":{"start":{"line":4,"column":22},"end":{"line":4,"column":23}},"loc":{"start":{"line":4,"column":42},"end":{"line":11,"column":1}},"line":4},"1":{"name":"(anonymous_1)","decl":{"start":{"line":7,"column":55},"end":{"line":7,"column":56}},"loc":{"start":{"line":7,"column":63},"end":{"line":7,"column":77}},"line":7},"2":{"name":"(anonymous_2)","decl":{"start":{"line":13,"column":22},"end":{"line":13,"column":23}},"loc":{"start":{"line":13,"column":42},"end":{"line":28,"column":1}},"line":13},"3":{"name":"(anonymous_3)","decl":{"start":{"line":30,"column":19},"end":{"line":30,"column":20}},"loc":{"start":{"line":30,"column":39},"end":{"line":44,"column":1}},"line":30}},"branchMap":{"0":{"loc":{"start":{"line":18,"column":8},"end":{"line":20,"column":9}},"type":"if","locations":[{"start":{"line":18,"column":8},"end":{"line":20,"column":9}},{"start":{},"end":{}}],"line":18}},"s":{"0":10,"1":10,"2":10,"3":4,"4":4,"5":3,"6":2,"7":1,"8":10,"9":0,"10":0,"11":0,"12":0,"13":0,"14":0,"15":0,"16":10,"17":5,"18":5,"19":5,"20":5,"21":4,"22":1},"f":{"0":4,"1":2,"2":0,"3":5},"b":{"0":[0,0]},"_coverageSchema":"1a1c01bbd47fc00a2c39e90264f33305004495a9","hash":"88213deb0b179bf429cdd3ec0bfa292186c7c460"}
,"/home/runner/work/node-backoffice/node-backoffice/app/middlewares/verifyToken.js": {"path":"/home/runner/work/node-backoffice/node-backoffice/app/middlewares/verifyToken.js","statementMap":{"0":{"start":{"line":1,"column":12},"end":{"line":1,"column":35}},"1":{"start":{"line":2,"column":19},"end":{"line":2,"column":41}},"2":{"start":{"line":4,"column":20},"end":{"line":20,"column":1}},"3":{"start":{"line":5,"column":23},"end":{"line":5,"column":51}},"4":{"start":{"line":6,"column":18},"end":{"line":6,"column":56}},"5":{"start":{"line":8,"column":4},"end":{"line":10,"column":5}},"6":{"start":{"line":9,"column":8},"end":{"line":9,"column":70}},"7":{"start":{"line":12,"column":4},"end":{"line":19,"column":7}},"8":{"start":{"line":13,"column":8},"end":{"line":15,"column":9}},"9":{"start":{"line":14,"column":12},"end":{"line":14,"column":70}},"10":{"start":{"line":17,"column":8},"end":{"line":17,"column":27}},"11":{"start":{"line":18,"column":8},"end":{"line":18,"column":15}},"12":{"start":{"line":22,"column":0},"end":{"line":22,"column":29}}},"fnMap":{"0":{"name":"(anonymous_0)","decl":{"start":{"line":4,"column":20},"end":{"line":4,"column":21}},"loc":{"start":{"line":4,"column":40},"end":{"line":20,"column":1}},"line":4},"1":{"name":"(anonymous_1)","decl":{"start":{"line":12,"column":34},"end":{"line":12,"column":35}},"loc":{"start":{"line":12,"column":52},"end":{"line":19,"column":5}},"line":12}},"branchMap":{"0":{"loc":{"start":{"line":6,"column":18},"end":{"line":6,"column":56}},"type":"binary-expr","locations":[{"start":{"line":6,"column":18},"end":{"line":6,"column":28}},{"start":{"line":6,"column":32},"end":{"line":6,"column":56}}],"line":6},"1":{"loc":{"start":{"line":8,"column":4},"end":{"line":10,"column":5}},"type":"if","locations":[{"start":{"line":8,"column":4},"end":{"line":10,"column":5}},{"start":{},"end":{}}],"line":8},"2":{"loc":{"start":{"line":13,"column":8},"end":{"line":15,"column":9}},"type":"if","locations":[{"start":{"line":13,"column":8},"end":{"line":15,"column":9}},{"start":{},"end":{}}],"line":13}},"s":{"0":3,"1":3,"2":3,"3":5,"4":5,"5":5,"6":5,"7":0,"8":0,"9":0,"10":0,"11":0,"12":3},"f":{"0":5,"1":0},"b":{"0":[5,0],"1":[5,0],"2":[0,0]},"_coverageSchema":"1a1c01bbd47fc00a2c39e90264f33305004495a9","hash":"9c2aba9e73e25d92aa80067c626751c8c6f0cf17"}
,"/home/runner/work/node-backoffice/node-backoffice/app/models/admin.js": {"path":"/home/runner/work/node-backoffice/node-backoffice/app/models/admin.js","statementMap":{"0":{"start":{"line":3,"column":8},"end":{"line":3,"column":21}},"1":{"start":{"line":4,"column":8},"end":{"line":4,"column":27}},"2":{"start":{"line":5,"column":8},"end":{"line":5,"column":33}},"3":{"start":{"line":6,"column":8},"end":{"line":6,"column":33}},"4":{"start":{"line":10,"column":8},"end":{"line":14,"column":10}},"5":{"start":{"line":18,"column":0},"end":{"line":18,"column":23}}},"fnMap":{"0":{"name":"(anonymous_0)","decl":{"start":{"line":2,"column":4},"end":{"line":2,"column":5}},"loc":{"start":{"line":2,"column":60},"end":{"line":7,"column":5}},"line":2},"1":{"name":"(anonymous_1)","decl":{"start":{"line":9,"column":4},"end":{"line":9,"column":5}},"loc":{"start":{"line":9,"column":18},"end":{"line":15,"column":5}},"line":9}},"branchMap":{"0":{"loc":{"start":{"line":2,"column":19},"end":{"line":2,"column":28}},"type":"default-arg","locations":[{"start":{"line":2,"column":24},"end":{"line":2,"column":28}}],"line":2}},"s":{"0":8,"1":8,"2":8,"3":8,"4":9,"5":8},"f":{"0":8,"1":9},"b":{"0":[0]},"_coverageSchema":"1a1c01bbd47fc00a2c39e90264f33305004495a9","hash":"75f23f78641abe05ba0a1e779bed8d16f3219206"}
,"/home/runner/work/node-backoffice/node-backoffice/app/models/log.js": {"path":"/home/runner/work/node-backoffice/node-backoffice/app/models/log.js","statementMap":{"0":{"start":{"line":3,"column":8},"end":{"line":3,"column":21}},"1":{"start":{"line":4,"column":8},"end":{"line":4,"column":36}},"2":{"start":{"line":5,"column":8},"end":{"line":5,"column":38}},"3":{"start":{"line":6,"column":8},"end":{"line":6,"column":36}},"4":{"start":{"line":7,"column":8},"end":{"line":7,"column":29}},"5":{"start":{"line":11,"column":0},"end":{"line":11,"column":21}}},"fnMap":{"0":{"name":"(anonymous_0)","decl":{"start":{"line":2,"column":4},"end":{"line":2,"column":5}},"loc":{"start":{"line":2,"column":78},"end":{"line":8,"column":5}},"line":2}},"branchMap":{"0":{"loc":{"start":{"line":2,"column":19},"end":{"line":2,"column":28}},"type":"default-arg","locations":[{"start":{"line":2,"column":24},"end":{"line":2,"column":28}}],"line":2}},"s":{"0":4,"1":4,"2":4,"3":4,"4":4,"5":11},"f":{"0":4},"b":{"0":[0]},"_coverageSchema":"1a1c01bbd47fc00a2c39e90264f33305004495a9","hash":"2716d09f0fb12f9b91e36d5d206acb446e3e6f86"}
,"/home/runner/work/node-backoffice/node-backoffice/app/models/user.js": {"path":"/home/runner/work/node-backoffice/node-backoffice/app/models/user.js","statementMap":{"0":{"start":{"line":3,"column":8},"end":{"line":3,"column":21}},"1":{"start":{"line":4,"column":8},"end":{"line":4,"column":25}},"2":{"start":{"line":5,"column":8},"end":{"line":5,"column":27}},"3":{"start":{"line":6,"column":8},"end":{"line":6,"column":33}},"4":{"start":{"line":7,"column":8},"end":{"line":7,"column":36}},"5":{"start":{"line":8,"column":8},"end":{"line":8,"column":44}},"6":{"start":{"line":9,"column":8},"end":{"line":9,"column":36}},"7":{"start":{"line":10,"column":8},"end":{"line":10,"column":57}},"8":{"start":{"line":11,"column":8},"end":{"line":11,"column":53}},"9":{"start":{"line":12,"column":8},"end":{"line":12,"column":42}},"10":{"start":{"line":16,"column":0},"end":{"line":16,"column":22}}},"fnMap":{"0":{"name":"(anonymous_0)","decl":{"start":{"line":2,"column":4},"end":{"line":2,"column":5}},"loc":{"start":{"line":2,"column":155},"end":{"line":13,"column":5}},"line":2}},"branchMap":{"0":{"loc":{"start":{"line":2,"column":19},"end":{"line":2,"column":28}},"type":"default-arg","locations":[{"start":{"line":2,"column":24},"end":{"line":2,"column":28}}],"line":2}},"s":{"0":3,"1":3,"2":3,"3":3,"4":3,"5":3,"6":3,"7":3,"8":3,"9":3,"10":11},"f":{"0":3},"b":{"0":[0]},"_coverageSchema":"1a1c01bbd47fc00a2c39e90264f33305004495a9","hash":"a73577e8623dc13745e87029f0dc20480989ab90"}
,"/home/runner/work/node-backoffice/node-backoffice/app/repositories/admin_repository.js": {"path":"/home/runner/work/node-backoffice/node-backoffice/app/repositories/admin_repository.js","statementMap":{"0":{"start":{"line":1,"column":23},"end":{"line":1,"column":38}},"1":{"start":{"line":2,"column":21},"end":{"line":2,"column":51}},"2":{"start":{"line":3,"column":14},"end":{"line":3,"column":40}},"3":{"start":{"line":5,"column":0},"end":{"line":14,"column":2}},"4":{"start":{"line":6,"column":4},"end":{"line":13,"column":7}},"5":{"start":{"line":7,"column":8},"end":{"line":12,"column":39}},"6":{"start":{"line":10,"column":27},"end":{"line":10,"column":77}},"7":{"start":{"line":10,"column":53},"end":{"line":10,"column":75}},"8":{"start":{"line":11,"column":12},"end":{"line":11,"column":28}},"9":{"start":{"line":12,"column":26},"end":{"line":12,"column":37}},"10":{"start":{"line":16,"column":0},"end":{"line":26,"column":2}},"11":{"start":{"line":17,"column":4},"end":{"line":25,"column":7}},"12":{"start":{"line":18,"column":8},"end":{"line":24,"column":36}},"13":{"start":{"line":22,"column":9},"end":{"line":22,"column":56}},"14":{"start":{"line":22,"column":35},"end":{"line":22,"column":56}},"15":{"start":{"line":23,"column":9},"end":{"line":23,"column":40}},"16":{"start":{"line":24,"column":23},"end":{"line":24,"column":34}},"17":{"start":{"line":28,"column":0},"end":{"line":38,"column":2}},"18":{"start":{"line":29,"column":4},"end":{"line":37,"column":7}},"19":{"start":{"line":30,"column":8},"end":{"line":36,"column":37}},"20":{"start":{"line":34,"column":6},"end":{"line":34,"column":53}},"21":{"start":{"line":34,"column":32},"end":{"line":34,"column":53}},"22":{"start":{"line":35,"column":9},"end":{"line":35,"column":40}},"23":{"start":{"line":36,"column":24},"end":{"line":36,"column":35}},"24":{"start":{"line":40,"column":0},"end":{"line":59,"column":2}},"25":{"start":{"line":41,"column":4},"end":{"line":58,"column":7}},"26":{"start":{"line":42,"column":27},"end":{"line":42,"column":35}},"27":{"start":{"line":43,"column":8},"end":{"line":57,"column":39}},"28":{"start":{"line":50,"column":29},"end":{"line":55,"column":15}},"29":{"start":{"line":56,"column":12},"end":{"line":56,"column":30}},"30":{"start":{"line":57,"column":26},"end":{"line":57,"column":37}}},"fnMap":{"0":{"name":"(anonymous_0)","decl":{"start":{"line":5,"column":23},"end":{"line":5,"column":24}},"loc":{"start":{"line":5,"column":29},"end":{"line":14,"column":1}},"line":5},"1":{"name":"(anonymous_1)","decl":{"start":{"line":6,"column":23},"end":{"line":6,"column":24}},"loc":{"start":{"line":6,"column":46},"end":{"line":13,"column":5}},"line":6},"2":{"name":"(anonymous_2)","decl":{"start":{"line":9,"column":16},"end":{"line":9,"column":17}},"loc":{"start":{"line":9,"column":29},"end":{"line":12,"column":9}},"line":9},"3":{"name":"(anonymous_3)","decl":{"start":{"line":10,"column":40},"end":{"line":10,"column":41}},"loc":{"start":{"line":10,"column":53},"end":{"line":10,"column":75}},"line":10},"4":{"name":"(anonymous_4)","decl":{"start":{"line":12,"column":17},"end":{"line":12,"column":18}},"loc":{"start":{"line":12,"column":26},"end":{"line":12,"column":37}},"line":12},"5":{"name":"(anonymous_5)","decl":{"start":{"line":16,"column":23},"end":{"line":16,"column":24}},"loc":{"start":{"line":16,"column":31},"end":{"line":26,"column":1}},"line":16},"6":{"name":"(anonymous_6)","decl":{"start":{"line":17,"column":23},"end":{"line":17,"column":24}},"loc":{"start":{"line":17,"column":44},"end":{"line":25,"column":5}},"line":17},"7":{"name":"(anonymous_7)","decl":{"start":{"line":21,"column":16},"end":{"line":21,"column":17}},"loc":{"start":{"line":21,"column":29},"end":{"line":24,"column":6}},"line":21},"8":{"name":"(anonymous_8)","decl":{"start":{"line":24,"column":14},"end":{"line":24,"column":15}},"loc":{"start":{"line":24,"column":23},"end":{"line":24,"column":34}},"line":24},"9":{"name":"(anonymous_9)","decl":{"start":{"line":28,"column":26},"end":{"line":28,"column":27}},"loc":{"start":{"line":28,"column":37},"end":{"line":38,"column":1}},"line":28},"10":{"name":"(anonymous_10)","decl":{"start":{"line":29,"column":23},"end":{"line":29,"column":24}},"loc":{"start":{"line":29,"column":44},"end":{"line":37,"column":5}},"line":29},"11":{"name":"(anonymous_11)","decl":{"start":{"line":33,"column":16},"end":{"line":33,"column":17}},"loc":{"start":{"line":33,"column":29},"end":{"line":36,"column":7}},"line":33},"12":{"name":"(anonymous_12)","decl":{"start":{"line":36,"column":15},"end":{"line":36,"column":16}},"loc":{"start":{"line":36,"column":24},"end":{"line":36,"column":35}},"line":36},"13":{"name":"(anonymous_13)","decl":{"start":{"line":40,"column":22},"end":{"line":40,"column":23}},"loc":{"start":{"line":40,"column":59},"end":{"line":59,"column":1}},"line":40},"14":{"name":"(anonymous_14)","decl":{"start":{"line":41,"column":23},"end":{"line":41,"column":24}},"loc":{"start":{"line":41,"column":46},"end":{"line":58,"column":5}},"line":41},"15":{"name":"(anonymous_15)","decl":{"start":{"line":49,"column":15},"end":{"line":49,"column":16}},"loc":{"start":{"line":49,"column":21},"end":{"line":57,"column":9}},"line":49},"16":{"name":"(anonymous_16)","decl":{"start":{"line":57,"column":17},"end":{"line":57,"column":18}},"loc":{"start":{"line":57,"column":26},"end":{"line":57,"column":37}},"line":57}},"branchMap":{"0":{"loc":{"start":{"line":22,"column":9},"end":{"line":22,"column":56}},"type":"if","locations":[{"start":{"line":22,"column":9},"end":{"line":22,"column":56}},{"start":{},"end":{}}],"line":22},"1":{"loc":{"start":{"line":34,"column":6},"end":{"line":34,"column":53}},"type":"if","locations":[{"start":{"line":34,"column":6},"end":{"line":34,"column":53}},{"start":{},"end":{}}],"line":34}},"s":{"0":4,"1":4,"2":4,"3":4,"4":0,"5":0,"6":0,"7":0,"8":0,"9":0,"10":4,"11":0,"12":0,"13":0,"14":0,"15":0,"16":0,"17":4,"18":0,"19":0,"20":0,"21":0,"22":0,"23":0,"24":4,"25":0,"26":0,"27":0,"28":0,"29":0,"30":0},"f":{"0":0,"1":0,"2":0,"3":0,"4":0,"5":0,"6":0,"7":0,"8":0,"9":0,"10":0,"11":0,"12":0,"13":0,"14":0,"15":0,"16":0},"b":{"0":[0,0],"1":[0,0]},"_coverageSchema":"1a1c01bbd47fc00a2c39e90264f33305004495a9","hash":"acd09a6c20edea336b04c48eceba94684abc607e"}
,"/home/runner/work/node-backoffice/node-backoffice/app/repositories/log_repository.js": {"path":"/home/runner/work/node-backoffice/node-backoffice/app/repositories/log_repository.js","statementMap":{"0":{"start":{"line":1,"column":21},"end":{"line":1,"column":51}},"1":{"start":{"line":2,"column":12},"end":{"line":2,"column":36}},"2":{"start":{"line":3,"column":23},"end":{"line":3,"column":43}},"3":{"start":{"line":5,"column":21},"end":{"line":14,"column":1}},"4":{"start":{"line":6,"column":4},"end":{"line":13,"column":7}},"5":{"start":{"line":7,"column":8},"end":{"line":12,"column":39}},"6":{"start":{"line":10,"column":25},"end":{"line":10,"column":61}},"7":{"start":{"line":10,"column":45},"end":{"line":10,"column":59}},"8":{"start":{"line":11,"column":12},"end":{"line":11,"column":26}},"9":{"start":{"line":12,"column":26},"end":{"line":12,"column":37}},"10":{"start":{"line":16,"column":18},"end":{"line":31,"column":1}},"11":{"start":{"line":17,"column":26},"end":{"line":17,"column":50}},"12":{"start":{"line":19,"column":8},"end":{"line":30,"column":10}},"13":{"start":{"line":33,"column":0},"end":{"line":36,"column":2}}},"fnMap":{"0":{"name":"(anonymous_0)","decl":{"start":{"line":5,"column":21},"end":{"line":5,"column":22}},"loc":{"start":{"line":5,"column":33},"end":{"line":14,"column":1}},"line":5},"1":{"name":"(anonymous_1)","decl":{"start":{"line":6,"column":23},"end":{"line":6,"column":24}},"loc":{"start":{"line":6,"column":46},"end":{"line":13,"column":5}},"line":6},"2":{"name":"(anonymous_2)","decl":{"start":{"line":9,"column":16},"end":{"line":9,"column":17}},"loc":{"start":{"line":9,"column":29},"end":{"line":12,"column":9}},"line":9},"3":{"name":"(anonymous_3)","decl":{"start":{"line":10,"column":38},"end":{"line":10,"column":39}},"loc":{"start":{"line":10,"column":45},"end":{"line":10,"column":59}},"line":10},"4":{"name":"(anonymous_4)","decl":{"start":{"line":12,"column":17},"end":{"line":12,"column":18}},"loc":{"start":{"line":12,"column":26},"end":{"line":12,"column":37}},"line":12},"5":{"name":"(anonymous_5)","decl":{"start":{"line":16,"column":18},"end":{"line":16,"column":19}},"loc":{"start":{"line":16,"column":59},"end":{"line":31,"column":1}},"line":16}},"branchMap":{},"s":{"0":8,"1":8,"2":8,"3":8,"4":0,"5":0,"6":0,"7":0,"8":0,"9":0,"10":8,"11":0,"12":0,"13":8},"f":{"0":0,"1":0,"2":0,"3":0,"4":0,"5":0},"b":{},"_coverageSchema":"1a1c01bbd47fc00a2c39e90264f33305004495a9","hash":"9a112f896190edafe6facae2ae64a3b06c9adbb1"}
,"/home/runner/work/node-backoffice/node-backoffice/app/repositories/user_repository.js": {"path":"/home/runner/work/node-backoffice/node-backoffice/app/repositories/user_repository.js","statementMap":{"0":{"start":{"line":1,"column":14},"end":{"line":1,"column":30}},"1":{"start":{"line":2,"column":11},"end":{"line":2,"column":24}},"2":{"start":{"line":4,"column":25},"end":{"line":4,"column":53}},"3":{"start":{"line":5,"column":17},"end":{"line":5,"column":46}},"4":{"start":{"line":6,"column":17},"end":{"line":6,"column":45}},"5":{"start":{"line":9,"column":4},"end":{"line":26,"column":5}},"6":{"start":{"line":10,"column":25},"end":{"line":21,"column":9}},"7":{"start":{"line":22,"column":8},"end":{"line":22,"column":42}},"8":{"start":{"line":24,"column":8},"end":{"line":24,"column":83}},"9":{"start":{"line":25,"column":8},"end":{"line":25,"column":18}},"10":{"start":{"line":29,"column":20},"end":{"line":42,"column":1}},"11":{"start":{"line":30,"column":4},"end":{"line":41,"column":5}},"12":{"start":{"line":31,"column":22},"end":{"line":31,"column":45}},"13":{"start":{"line":32,"column":25},"end":{"line":36,"column":10}},"14":{"start":{"line":37,"column":8},"end":{"line":37,"column":29}},"15":{"start":{"line":39,"column":8},"end":{"line":39,"column":83}},"16":{"start":{"line":40,"column":8},"end":{"line":40,"column":18}},"17":{"start":{"line":44,"column":20},"end":{"line":47,"column":1}},"18":{"start":{"line":45,"column":18},"end":{"line":45,"column":37}},"19":{"start":{"line":46,"column":4},"end":{"line":46,"column":54}},"20":{"start":{"line":46,"column":30},"end":{"line":46,"column":52}},"21":{"start":{"line":49,"column":23},"end":{"line":52,"column":1}},"22":{"start":{"line":50,"column":18},"end":{"line":50,"column":37}},"23":{"start":{"line":51,"column":4},"end":{"line":51,"column":52}},"24":{"start":{"line":51,"column":30},"end":{"line":51,"column":50}},"25":{"start":{"line":54,"column":19},"end":{"line":68,"column":1}},"26":{"start":{"line":55,"column":4},"end":{"line":67,"column":5}},"27":{"start":{"line":56,"column":22},"end":{"line":56,"column":45}},"28":{"start":{"line":57,"column":25},"end":{"line":62,"column":10}},"29":{"start":{"line":63,"column":8},"end":{"line":63,"column":29}},"30":{"start":{"line":65,"column":8},"end":{"line":65,"column":65}},"31":{"start":{"line":66,"column":8},"end":{"line":66,"column":18}},"32":{"start":{"line":70,"column":0},"end":{"line":75,"column":2}}},"fnMap":{"0":{"name":"getServiceToken","decl":{"start":{"line":8,"column":15},"end":{"line":8,"column":30}},"loc":{"start":{"line":8,"column":33},"end":{"line":27,"column":1}},"line":8},"1":{"name":"(anonymous_1)","decl":{"start":{"line":29,"column":20},"end":{"line":29,"column":21}},"loc":{"start":{"line":29,"column":32},"end":{"line":42,"column":1}},"line":29},"2":{"name":"(anonymous_2)","decl":{"start":{"line":44,"column":20},"end":{"line":44,"column":21}},"loc":{"start":{"line":44,"column":34},"end":{"line":47,"column":1}},"line":44},"3":{"name":"(anonymous_3)","decl":{"start":{"line":46,"column":22},"end":{"line":46,"column":23}},"loc":{"start":{"line":46,"column":30},"end":{"line":46,"column":52}},"line":46},"4":{"name":"(anonymous_4)","decl":{"start":{"line":49,"column":23},"end":{"line":49,"column":24}},"loc":{"start":{"line":49,"column":40},"end":{"line":52,"column":1}},"line":49},"5":{"name":"(anonymous_5)","decl":{"start":{"line":51,"column":22},"end":{"line":51,"column":23}},"loc":{"start":{"line":51,"column":30},"end":{"line":51,"column":50}},"line":51},"6":{"name":"(anonymous_6)","decl":{"start":{"line":54,"column":19},"end":{"line":54,"column":20}},"loc":{"start":{"line":54,"column":42},"end":{"line":68,"column":1}},"line":54}},"branchMap":{},"s":{"0":10,"1":10,"2":10,"3":10,"4":10,"5":9,"6":9,"7":9,"8":0,"9":0,"10":10,"11":4,"12":4,"13":4,"14":3,"15":1,"16":1,"17":10,"18":0,"19":0,"20":0,"21":10,"22":0,"23":0,"24":0,"25":10,"26":5,"27":5,"28":5,"29":4,"30":1,"31":1,"32":10},"f":{"0":9,"1":4,"2":0,"3":0,"4":0,"5":0,"6":5},"b":{},"_coverageSchema":"1a1c01bbd47fc00a2c39e90264f33305004495a9","hash":"72fbe6c62bf58ec85f5e802a1051a8fbad675c2f"}
,"/home/runner/work/node-backoffice/node-backoffice/app/routes/admin_routes.js": {"path":"/home/runner/work/node-backoffice/node-backoffice/app/routes/admin_routes.js","statementMap":{"0":{"start":{"line":1,"column":16},"end":{"line":1,"column":34}},"1":{"start":{"line":2,"column":15},"end":{"line":2,"column":31}},"2":{"start":{"line":3,"column":24},"end":{"line":3,"column":66}},"3":{"start":{"line":4,"column":20},"end":{"line":4,"column":57}},"4":{"start":{"line":15,"column":0},"end":{"line":17,"column":3}},"5":{"start":{"line":16,"column":4},"end":{"line":16,"column":48}},"6":{"start":{"line":30,"column":0},"end":{"line":30,"column":65}},"7":{"start":{"line":51,"column":0},"end":{"line":51,"column":69}},"8":{"start":{"line":75,"column":0},"end":{"line":75,"column":45}},"9":{"start":{"line":103,"column":0},"end":{"line":103,"column":71}},"10":{"start":{"line":105,"column":0},"end":{"line":105,"column":24}}},"fnMap":{"0":{"name":"(anonymous_0)","decl":{"start":{"line":15,"column":22},"end":{"line":15,"column":23}},"loc":{"start":{"line":15,"column":34},"end":{"line":17,"column":1}},"line":15}},"branchMap":{},"s":{"0":10,"1":10,"2":10,"3":10,"4":10,"5":0,"6":10,"7":10,"8":10,"9":10,"10":10},"f":{"0":0},"b":{},"_coverageSchema":"1a1c01bbd47fc00a2c39e90264f33305004495a9","hash":"1f214ce05a791446c15c3bb0fbe789d1376577d4"}
,"/home/runner/work/node-backoffice/node-backoffice/app/routes/log_routes.js": {"path":"/home/runner/work/node-backoffice/node-backoffice/app/routes/log_routes.js","statementMap":{"0":{"start":{"line":1,"column":16},"end":{"line":1,"column":34}},"1":{"start":{"line":2,"column":15},"end":{"line":2,"column":31}},"2":{"start":{"line":3,"column":22},"end":{"line":3,"column":62}},"3":{"start":{"line":4,"column":20},"end":{"line":4,"column":57}},"4":{"start":{"line":17,"column":0},"end":{"line":17,"column":61}},"5":{"start":{"line":45,"column":0},"end":{"line":45,"column":65}},"6":{"start":{"line":47,"column":0},"end":{"line":47,"column":24}}},"fnMap":{},"branchMap":{},"s":{"0":10,"1":10,"2":10,"3":10,"4":10,"5":10,"6":10},"f":{},"b":{},"_coverageSchema":"1a1c01bbd47fc00a2c39e90264f33305004495a9","hash":"4e0de135dcdb3e98d5f7e58c3fcf1c980387487f"}
,"/home/runner/work/node-backoffice/node-backoffice/app/routes/user_routes.js": {"path":"/home/runner/work/node-backoffice/node-backoffice/app/routes/user_routes.js","statementMap":{"0":{"start":{"line":1,"column":16},"end":{"line":1,"column":34}},"1":{"start":{"line":2,"column":15},"end":{"line":2,"column":31}},"2":{"start":{"line":3,"column":23},"end":{"line":3,"column":64}},"3":{"start":{"line":16,"column":0},"end":{"line":16,"column":49}},"4":{"start":{"line":37,"column":0},"end":{"line":37,"column":53}},"5":{"start":{"line":39,"column":0},"end":{"line":39,"column":24}}},"fnMap":{},"branchMap":{},"s":{"0":10,"1":10,"2":10,"3":10,"4":10,"5":10},"f":{},"b":{},"_coverageSchema":"1a1c01bbd47fc00a2c39e90264f33305004495a9","hash":"6560c8e84d13eb5e54e9ae66e9b400131f0bacda"}
}
