TN:
SF:swagger.js
FNF:0
FNH:0
DA:1,11
DA:2,11
DA:3,11
DA:5,11
DA:19,11
DA:24,11
DA:26,11
LF:7
LH:7
BRF:0
BRH:0
end_of_record
TN:
SF:app/app.js
FNF:0
FNH:0
DA:1,11
DA:2,11
DA:3,11
DA:4,11
DA:5,11
DA:6,11
DA:8,11
DA:9,11
DA:11,11
DA:13,11
DA:19,11
DA:21,11
DA:22,11
DA:23,11
DA:25,11
DA:27,11
LF:16
LH:16
BRF:0
BRH:0
end_of_record
TN:
SF:app/controllers/admin_controller.js
FN:6,(anonymous_0)
FN:9,(anonymous_1)
FN:15,(anonymous_2)
FN:32,(anonymous_3)
FN:70,(anonymous_4)
FNF:5
FNH:5
FNDA:4,(anonymous_0)
FNDA:2,(anonymous_1)
FNDA:4,(anonymous_2)
FNDA:4,(anonymous_3)
FNDA:3,(anonymous_4)
DA:1,11
DA:2,11
DA:3,11
DA:4,11
DA:6,11
DA:7,4
DA:8,4
DA:9,3
DA:11,1
DA:15,11
DA:16,4
DA:18,4
DA:19,4
DA:20,3
DA:21,1
DA:23,2
DA:28,1
DA:32,11
DA:33,4
DA:35,4
DA:36,4
DA:37,2
DA:38,0
DA:46,2
DA:47,2
DA:48,1
DA:55,1
DA:60,1
DA:66,2
DA:70,11
DA:71,3
DA:73,3
DA:74,3
DA:75,3
DA:76,1
DA:84,2
DA:85,2
DA:87,1
DA:92,1
LF:39
LH:38
BRDA:20,0,0,1
BRDA:20,0,1,2
BRDA:37,1,0,0
BRDA:37,1,1,2
BRDA:47,2,0,1
BRDA:47,2,1,1
BRDA:75,3,0,1
BRDA:75,3,1,2
BRF:8
BRH:7
end_of_record
TN:
SF:app/controllers/log_controller.js
FN:3,(anonymous_0)
FN:12,(anonymous_1)
FNF:2
FNH:2
FNDA:4,(anonymous_0)
FNDA:2,(anonymous_1)
DA:1,11
DA:3,11
DA:4,4
DA:5,4
DA:6,3
DA:8,1
DA:12,11
DA:13,2
DA:15,2
DA:16,2
DA:17,1
DA:22,1
LF:12
LH:12
BRF:0
BRH:0
end_of_record
TN:
SF:app/controllers/user_controller.js
FN:4,(anonymous_0)
FN:7,(anonymous_1)
FN:13,(anonymous_2)
FN:30,(anonymous_3)
FNF:4
FNH:4
FNDA:4,(anonymous_0)
FNDA:2,(anonymous_1)
FNDA:4,(anonymous_2)
FNDA:5,(anonymous_3)
DA:1,11
DA:2,11
DA:4,11
DA:5,4
DA:6,4
DA:7,3
DA:9,1
DA:13,11
DA:14,4
DA:16,4
DA:17,4
DA:18,3
DA:19,1
DA:21,2
DA:26,1
DA:30,11
DA:31,5
DA:32,5
DA:34,5
DA:35,5
DA:37,4
DA:42,1
LF:22
LH:22
BRDA:18,0,0,1
BRDA:18,0,1,2
BRF:2
BRH:2
end_of_record
TN:
SF:app/middlewares/verifyToken.js
FN:4,(anonymous_0)
FN:12,(anonymous_1)
FNF:2
FNH:1
FNDA:5,(anonymous_0)
FNDA:0,(anonymous_1)
DA:1,3
DA:2,3
DA:4,3
DA:5,5
DA:6,5
DA:8,5
DA:9,5
DA:12,0
DA:13,0
DA:14,0
DA:17,0
DA:18,0
DA:22,3
LF:13
LH:8
BRDA:6,0,0,5
BRDA:6,0,1,0
BRDA:8,1,0,5
BRDA:8,1,1,0
BRDA:13,2,0,0
BRDA:13,2,1,0
BRF:6
BRH:2
end_of_record
TN:
SF:app/models/admin.js
FN:2,(anonymous_0)
FN:9,(anonymous_1)
FNF:2
FNH:2
FNDA:8,(anonymous_0)
FNDA:9,(anonymous_1)
DA:3,8
DA:4,8
DA:5,8
DA:6,8
DA:10,9
DA:18,9
LF:6
LH:6
BRDA:2,0,0,0
BRF:1
BRH:0
end_of_record
TN:
SF:app/models/log.js
FN:2,(anonymous_0)
FNF:1
FNH:1
FNDA:4,(anonymous_0)
DA:3,4
DA:4,4
DA:5,4
DA:6,4
DA:7,4
DA:11,12
LF:6
LH:6
BRDA:2,0,0,0
BRF:1
BRH:0
end_of_record
TN:
SF:app/models/user.js
FN:2,(anonymous_0)
FNF:1
FNH:1
FNDA:5,(anonymous_0)
DA:3,5
DA:4,5
DA:5,5
DA:6,5
DA:7,5
DA:8,5
DA:9,5
DA:10,5
DA:11,5
DA:12,5
DA:16,12
LF:11
LH:11
BRDA:2,0,0,0
BRF:1
BRH:0
end_of_record
TN:
SF:app/repositories/admin_repository.js
FN:5,(anonymous_0)
FN:6,(anonymous_1)
FN:9,(anonymous_2)
FN:10,(anonymous_3)
FN:12,(anonymous_4)
FN:16,(anonymous_5)
FN:17,(anonymous_6)
FN:21,(anonymous_7)
FN:24,(anonymous_8)
FN:28,(anonymous_9)
FN:29,(anonymous_10)
FN:33,(anonymous_11)
FN:36,(anonymous_12)
FN:40,(anonymous_13)
FN:41,(anonymous_14)
FN:49,(anonymous_15)
FN:57,(anonymous_16)
FNF:17
FNH:0
FNDA:0,(anonymous_0)
FNDA:0,(anonymous_1)
FNDA:0,(anonymous_2)
FNDA:0,(anonymous_3)
FNDA:0,(anonymous_4)
FNDA:0,(anonymous_5)
FNDA:0,(anonymous_6)
FNDA:0,(anonymous_7)
FNDA:0,(anonymous_8)
FNDA:0,(anonymous_9)
FNDA:0,(anonymous_10)
FNDA:0,(anonymous_11)
FNDA:0,(anonymous_12)
FNDA:0,(anonymous_13)
FNDA:0,(anonymous_14)
FNDA:0,(anonymous_15)
FNDA:0,(anonymous_16)
DA:1,5
DA:2,5
DA:3,5
DA:5,5
DA:6,0
DA:7,0
DA:10,0
DA:11,0
DA:12,0
DA:16,5
DA:17,0
DA:18,0
DA:22,0
DA:23,0
DA:24,0
DA:28,5
DA:29,0
DA:30,0
DA:34,0
DA:35,0
DA:36,0
DA:40,5
DA:41,0
DA:42,0
DA:43,0
DA:50,0
DA:56,0
DA:57,0
LF:28
LH:7
BRDA:22,0,0,0
BRDA:22,0,1,0
BRDA:34,1,0,0
BRDA:34,1,1,0
BRF:4
BRH:0
end_of_record
TN:
SF:app/repositories/log_repository.js
FN:5,(anonymous_0)
FN:6,(anonymous_1)
FN:9,(anonymous_2)
FN:10,(anonymous_3)
FN:12,(anonymous_4)
FN:16,(anonymous_5)
FNF:6
FNH:0
FNDA:0,(anonymous_0)
FNDA:0,(anonymous_1)
FNDA:0,(anonymous_2)
FNDA:0,(anonymous_3)
FNDA:0,(anonymous_4)
FNDA:0,(anonymous_5)
DA:1,9
DA:2,9
DA:3,9
DA:5,9
DA:6,0
DA:7,0
DA:10,0
DA:11,0
DA:12,0
DA:16,9
DA:17,0
DA:19,0
DA:33,9
LF:13
LH:6
BRF:0
BRH:0
end_of_record
TN:
SF:app/repositories/user_repository.js
FN:8,getServiceToken
FN:29,(anonymous_1)
FN:44,(anonymous_2)
FN:46,(anonymous_3)
FN:49,(anonymous_4)
FN:51,(anonymous_5)
FN:54,(anonymous_6)
FNF:7
FNH:2
FNDA:5,getServiceToken
FNDA:0,(anonymous_1)
FNDA:0,(anonymous_2)
FNDA:0,(anonymous_3)
FNDA:0,(anonymous_4)
FNDA:0,(anonymous_5)
FNDA:5,(anonymous_6)
DA:1,9
DA:2,9
DA:4,9
DA:5,9
DA:6,9
DA:9,5
DA:10,5
DA:22,5
DA:24,0
DA:25,0
DA:29,9
DA:30,0
DA:31,0
DA:32,0
DA:37,0
DA:39,0
DA:40,0
DA:44,9
DA:45,0
DA:46,0
DA:49,9
DA:50,0
DA:51,0
DA:54,9
DA:55,5
DA:56,5
DA:57,5
DA:63,4
DA:65,1
DA:66,1
DA:70,9
LF:31
LH:19
BRF:0
BRH:0
end_of_record
TN:
SF:app/routes/admin_routes.js
FN:15,(anonymous_0)
FNF:1
FNH:0
FNDA:0,(anonymous_0)
DA:1,11
DA:2,11
DA:3,11
DA:4,11
DA:15,11
DA:16,0
DA:30,11
DA:51,11
DA:75,11
DA:103,11
DA:105,11
LF:11
LH:10
BRF:0
BRH:0
end_of_record
TN:
SF:app/routes/log_routes.js
FNF:0
FNH:0
DA:1,11
DA:2,11
DA:3,11
DA:4,11
DA:17,11
DA:45,11
DA:47,11
LF:7
LH:7
BRF:0
BRH:0
end_of_record
TN:
SF:app/routes/user_routes.js
FNF:0
FNH:0
DA:1,11
DA:2,11
DA:3,11
DA:16,11
DA:37,11
DA:58,11
DA:60,11
LF:7
LH:7
BRF:0
BRH:0
end_of_record
