TN:
SF:app/app.js
FNF:0
FNH:0
DA:1,5
DA:2,5
DA:3,5
DA:4,5
DA:5,5
DA:7,5
DA:9,5
DA:15,5
DA:17,5
DA:19,5
LF:10
LH:10
BRF:0
BRH:0
end_of_record
TN:
SF:app/controllers/admin_controller.js
FN:6,(anonymous_0)
FN:9,(anonymous_1)
FN:15,(anonymous_2)
FN:32,(anonymous_3)
FN:70,(anonymous_4)
FNF:5
FNH:5
FNDA:4,(anonymous_0)
FNDA:2,(anonymous_1)
FNDA:4,(anonymous_2)
FNDA:4,(anonymous_3)
FNDA:3,(anonymous_4)
DA:1,5
DA:2,5
DA:3,5
DA:4,5
DA:6,5
DA:7,4
DA:8,4
DA:9,3
DA:11,1
DA:15,5
DA:16,4
DA:18,4
DA:19,4
DA:20,3
DA:21,1
DA:23,2
DA:28,1
DA:32,5
DA:33,4
DA:35,4
DA:36,4
DA:37,2
DA:38,0
DA:46,2
DA:47,2
DA:48,1
DA:55,1
DA:60,1
DA:66,2
DA:70,5
DA:71,3
DA:73,3
DA:74,3
DA:75,3
DA:76,1
DA:84,2
DA:85,2
DA:87,1
DA:92,1
LF:39
LH:38
BRDA:20,0,0,1
BRDA:20,0,1,2
BRDA:37,1,0,0
BRDA:37,1,1,2
BRDA:47,2,0,1
BRDA:47,2,1,1
BRDA:75,3,0,1
BRDA:75,3,1,2
BRF:8
BRH:7
end_of_record
TN:
SF:app/middlewares/verifyToken.js
FN:4,(anonymous_0)
FN:12,(anonymous_1)
FNF:2
FNH:1
FNDA:3,(anonymous_0)
FNDA:0,(anonymous_1)
DA:1,2
DA:2,2
DA:4,2
DA:5,3
DA:6,3
DA:8,3
DA:9,3
DA:12,0
DA:13,0
DA:14,0
DA:17,0
DA:18,0
DA:22,2
LF:13
LH:8
BRDA:6,0,0,3
BRDA:6,0,1,0
BRDA:8,1,0,3
BRDA:8,1,1,0
BRDA:13,2,0,0
BRDA:13,2,1,0
BRF:6
BRH:2
end_of_record
TN:
SF:app/models/admin.js
FN:2,(anonymous_0)
FN:9,(anonymous_1)
FNF:2
FNH:2
FNDA:6,(anonymous_0)
FNDA:8,(anonymous_1)
DA:3,6
DA:4,6
DA:5,6
DA:6,6
DA:10,8
DA:18,3
LF:6
LH:6
BRDA:2,0,0,0
BRF:1
BRH:0
end_of_record
TN:
SF:app/routes/admin_routes.js
FN:6,(anonymous_0)
FNF:1
FNH:0
FNDA:0,(anonymous_0)
DA:1,5
DA:2,5
DA:3,5
DA:4,5
DA:6,5
DA:7,0
DA:9,5
DA:10,5
DA:11,5
DA:12,5
DA:14,5
LF:11
LH:10
BRF:0
BRH:0
end_of_record
